==============================================================================
Tests                                                                         
==============================================================================
Tests.AttemptBeGeek :: Be Geek test suite                                     
==============================================================================
Short Description                                                     | PASS |
------------------------------------------------------------------------------
Empty Description                                                     | PASS |
------------------------------------------------------------------------------
Long Description                                                      | PASS |
------------------------------------------------------------------------------
Only Whats DDD                                                        | PASS |
------------------------------------------------------------------------------
Whats Without DDD                                                     | PASS |
------------------------------------------------------------------------------
Empty Whats                                                           | PASS |
------------------------------------------------------------------------------
Cost With Letters                                                     | PASS |
------------------------------------------------------------------------------
Cost With AlphNum                                                     | PASS |
------------------------------------------------------------------------------
Cost With Special Chars                                               | PASS |
------------------------------------------------------------------------------
Empty Cost                                                            | PASS |
------------------------------------------------------------------------------
No Printer Repair                                                     | PASS |
------------------------------------------------------------------------------
No work                                                               | PASS |
------------------------------------------------------------------------------
Tests.AttemptBeGeek :: Be Geek test suite                             | PASS |
12 tests, 12 passed, 0 failed
==============================================================================
Tests                                                                 | PASS |
12 tests, 12 passed, 0 failed
==============================================================================
Output:  C:\GravidadeZero\getgeeks\project\logs\pabot_results\0\output.xml
