==============================================================================
Tests                                                                         
==============================================================================
Tests.Login :: Login test suite                                               
==============================================================================
User Login                                                            | PASS |
------------------------------------------------------------------------------
Incorrect Password                                                    | PASS |
------------------------------------------------------------------------------
User Not Found                                                        | PASS |
------------------------------------------------------------------------------
Incorrect Email                                                       | PASS |
------------------------------------------------------------------------------
Required Email                                                        | PASS |
------------------------------------------------------------------------------
Required Password                                                     | PASS |
------------------------------------------------------------------------------
Without Required Fields                                               | PASS |
------------------------------------------------------------------------------
Tests.Login :: Login test suite                                       | PASS |
7 tests, 7 passed, 0 failed
==============================================================================
Tests                                                                 | PASS |
7 tests, 7 passed, 0 failed
==============================================================================
Output:  C:\GravidadeZero\getgeeks\project\logs\pabot_results\2\output.xml
