==============================================================================
Tests                                                                         
==============================================================================
Tests.Signup :: Singup Test Suíte                                             
==============================================================================
Register a new user                                                   | PASS |
------------------------------------------------------------------------------
Duplicated user                                                       | PASS |
------------------------------------------------------------------------------
Wrong Email                                                           | PASS |
------------------------------------------------------------------------------
Required Fields                                                       | PASS |
------------------------------------------------------------------------------
Short Password                                                        | PASS |
------------------------------------------------------------------------------
Tests.Signup :: Singup Test Suíte                                     | PASS |
5 tests, 5 passed, 0 failed
==============================================================================
Tests                                                                 | PASS |
5 tests, 5 passed, 0 failed
==============================================================================
Output:  C:\GravidadeZero\getgeeks\project\logs\pabot_results\3\output.xml
